#
# There is insufficient memory for the Java Runtime Environment to continue.
# Native memory allocation (malloc) failed to allocate 295616 bytes for Chunk::new
# Possible reasons:
#   The system is out of physical RAM or swap space
#   In 32 bit mode, the process size limit was hit
# Possible solutions:
#   Reduce memory load on the system
#   Increase physical memory or swap space
#   Check if swap backing store is full
#   Use 64 bit Java on a 64 bit OS
#   Decrease Java heap size (-Xmx/-Xms)
#   Decrease number of Java threads
#   Decrease Java thread stack sizes (-Xss)
#   Set larger code cache with -XX:ReservedCodeCacheSize=
# This output file may be truncated or incomplete.
#
#  Out of Memory Error (allocation.cpp:390), pid=7080, tid=0x0000000000000194
#
# JRE version: OpenJDK Runtime Environment (8.0_152-b01) (build 1.8.0_152-release-1248-b01)
# Java VM: OpenJDK 64-Bit Server VM (25.152-b01 mixed mode windows-amd64 compressed oops)
# Failed to write core dump. Minidumps are not enabled by default on client versions of Windows
#

---------------  T H R E A D  ---------------

Current thread (0x0000000016d7e800):  JavaThread "C2 CompilerThread1" daemon [_thread_in_native, id=404, stack(0x00000000184f0000,0x00000000185f0000)]

Stack: [0x00000000184f0000,0x00000000185f0000]
[error occurred during error reporting (printing stack bounds), id 0xc0000005]

Native frames: (J=compiled Java code, j=interpreted, Vv=VM code, C=native code)


Current CompileTask:
C2:16168728 30147       4       java.lang.Class::getDeclaredMethod (67 bytes)


---------------  P R O C E S S  ---------------

Java Threads: ( => current thread )
  0x00000000214be000 JavaThread "pool-220-thread-1" [_thread_in_vm, id=2148, stack(0x000000002e930000,0x000000002ea30000)]
  0x000000001f99c800 JavaThread "Build operations Thread 4" [_thread_blocked, id=9884, stack(0x000000002de30000,0x000000002df30000)]
  0x000000001f99c000 JavaThread "Build operations Thread 3" [_thread_blocked, id=13820, stack(0x000000002dd30000,0x000000002de30000)]
  0x000000001f990800 JavaThread "Build operations Thread 2" [_thread_blocked, id=2844, stack(0x000000002dc30000,0x000000002dd30000)]
  0x000000001f994800 JavaThread "Build operations" [_thread_blocked, id=7232, stack(0x000000002db30000,0x000000002dc30000)]
  0x000000001f98f000 JavaThread "Cache worker for file hash cache (D:\PromDateFinder\.gradle\4.10.1\fileHashes)" [_thread_blocked, id=11016, stack(0x000000002d830000,0x000000002d930000)]
  0x000000001f992000 JavaThread "Stdin handler" [_thread_blocked, id=8084, stack(0x000000002d730000,0x000000002d830000)]
  0x000000001f98e800 JavaThread "Asynchronous log dispatcher for DefaultDaemonConnection: socket connection from /127.0.0.1:51551 to /127.0.0.1:56381" [_thread_blocked, id=5100, stack(0x000000002d630000,0x000000002d730000)]
  0x000000001f993000 JavaThread "Cancel handler" [_thread_blocked, id=5624, stack(0x000000002d530000,0x000000002d630000)]
  0x000000001f990000 JavaThread "Handler for socket connection from /127.0.0.1:51551 to /127.0.0.1:56381" [_thread_in_native, id=7984, stack(0x000000002d430000,0x000000002d530000)]
  0x000000001f529000 JavaThread "Daemon worker Thread 31" [_thread_blocked, id=7224, stack(0x000000002c230000,0x000000002c330000)]
  0x000000001f528000 JavaThread "Daemon Thread 31" [_thread_blocked, id=4392, stack(0x000000002bf30000,0x000000002c030000)]
  0x000000001bd5b800 JavaThread "Cache worker for Java compile cache (C:\Users\AndraÅ¾\.gradle\caches\4.10.1\javaCompile)" [_thread_blocked, id=2252, stack(0x0000000047700000,0x0000000047800000)]
  0x000000001f536800 JavaThread "Cache worker for file content cache (C:\Users\AndraÅ¾\.gradle\caches\4.10.1\fileContent)" [_thread_blocked, id=3568, stack(0x0000000026500000,0x0000000026600000)]
  0x000000001ea57000 JavaThread "Memory manager" [_thread_blocked, id=9028, stack(0x0000000023a00000,0x0000000023b00000)]
  0x000000001b793000 JavaThread "Cache worker for Artifact transforms cache (C:\Users\AndraÅ¾\.gradle\caches\transforms-1)" [_thread_blocked, id=5168, stack(0x0000000020750000,0x0000000020850000)]
  0x000000001b795800 JavaThread "Cache worker for journal cache (C:\Users\AndraÅ¾\.gradle\caches\journal-1)" [_thread_blocked, id=7076, stack(0x000000001d9e0000,0x000000001dae0000)]
  0x0000000019f75000 JavaThread "File lock request listener" [_thread_in_native, id=9624, stack(0x000000001c810000,0x000000001c910000)]
  0x0000000019eee800 JavaThread "Cache worker for file hash cache (C:\Users\AndraÅ¾\.gradle\caches\4.10.1\fileHashes)" [_thread_blocked, id=220, stack(0x000000001c710000,0x000000001c810000)]
  0x0000000019a32000 JavaThread "Daemon periodic checks" [_thread_blocked, id=7584, stack(0x000000001ac40000,0x000000001ad40000)]
  0x0000000019a2d000 JavaThread "Incoming local TCP Connector on port 51551" [_thread_in_native, id=6736, stack(0x000000001aa00000,0x000000001ab00000)]
  0x0000000018728800 JavaThread "Service Thread" daemon [_thread_blocked, id=10384, stack(0x0000000018af0000,0x0000000018bf0000)]
  0x0000000016d81800 JavaThread "C1 CompilerThread2" daemon [_thread_blocked, id=9620, stack(0x00000000185f0000,0x00000000186f0000)]
=>0x0000000016d7e800 JavaThread "C2 CompilerThread1" daemon [_thread_in_native, id=404, stack(0x00000000184f0000,0x00000000185f0000)]
  0x0000000016d7a800 JavaThread "C2 CompilerThread0" daemon [_thread_in_native, id=8644, stack(0x00000000183f0000,0x00000000184f0000)]
  0x0000000016d78800 JavaThread "Attach Listener" daemon [_thread_blocked, id=9876, stack(0x00000000182f0000,0x00000000183f0000)]
  0x0000000016d86800 JavaThread "Signal Dispatcher" daemon [_thread_blocked, id=9128, stack(0x00000000181f0000,0x00000000182f0000)]
  0x000000000332b000 JavaThread "Finalizer" daemon [_thread_blocked, id=6200, stack(0x0000000017ff0000,0x00000000180f0000)]
  0x0000000003320000 JavaThread "Reference Handler" daemon [_thread_blocked, id=7696, stack(0x0000000017ef0000,0x0000000017ff0000)]
  0x000000000340d800 JavaThread "main" [_thread_blocked, id=4884, stack(0x0000000003050000,0x0000000003150000)]

Other Threads:
  0x0000000016d47000 VMThread [stack: 0x0000000017df0000,0x0000000017ef0000] [id=2908]
  0x0000000016ddd800 WatcherThread [stack: 0x0000000018bf0000,0x0000000018cf0000] [id=3376]

VM state:synchronizing (normal execution)

VM Mutex/Monitor currently owned by a thread:  ([mutex/lock_event])
[0x000000000340cb90] Threads_lock - owner thread: 0x0000000016d47000

Heap:
 PSYoungGen      total 349696K, used 174451K [0x00000000e0000000, 0x0000000100000000, 0x0000000100000000)
  eden space 175104K, 99% used [0x00000000e0000000,0x00000000eaa5cef8,0x00000000eab00000)
  from space 174592K, 0% used [0x00000000eab00000,0x00000000eab00000,0x00000000f5580000)
  to   space 174592K, 0% used [0x00000000f5580000,0x00000000f5580000,0x0000000100000000)
 ParOldGen       total 980480K, used 971924K [0x00000000a0000000, 0x00000000dbd80000, 0x00000000e0000000)
  object space 980480K, 99% used [0x00000000a0000000,0x00000000db525250,0x00000000dbd80000)
 Metaspace       used 97244K, capacity 102336K, committed 105768K, reserved 1140736K
  class space    used 12033K, capacity 12918K, committed 13608K, reserved 1048576K

Card table byte_map: [0x00000000127d0000,0x0000000012ae0000] byte_map_base: 0x00000000122d0000

Marking Bits: (ParMarkBitMap*) 0x0000000068c75aa0
 Begin Bits: [0x00000000130e0000, 0x00000000148e0000)
 End Bits:   [0x00000000148e0000, 0x00000000160e0000)

Polling page: 0x0000000000ff0000

CodeCache: size=245760Kb used=82312Kb max_used=82314Kb free=163447Kb
 bounds [0x0000000003410000, 0x0000000008510000, 0x0000000012410000]
 total_blobs=23153 nmethods=22251 adapters=812
 compilation: enabled

Compilation events (10 events):
Event: 16158.333 Thread 0x0000000016d7e800 30144       4       com.android.build.gradle.internal.pipeline.SubStream$SubStreamAdapter::read (6 bytes)
Event: 16158.334 Thread 0x0000000016d7e800 nmethod 30144 0x0000000006003110 code [0x0000000006003260, 0x00000000060032e8]
Event: 16160.817 Thread 0x0000000016d81800 30145   !   3       com.android.builder.profile.ThreadRecorder::record (81 bytes)
Event: 16160.818 Thread 0x0000000016d81800 nmethod 30145 0x0000000007cbe350 code [0x0000000007cbe520, 0x0000000007cbeb18]
Event: 16168.685 Thread 0x0000000016d7a800 30146       4       org.gradle.internal.logging.sink.OutputEventRenderer$3::onOutput (114 bytes)
Event: 16168.686 Thread 0x0000000016d7e800 30147       4       java.lang.Class::getDeclaredMethod (67 bytes)
Event: 16168.695 Thread 0x0000000016d81800 30149   !   3       java.io.ObjectStreamClass::computeDefaultSUID (701 bytes)
Event: 16168.700 Thread 0x0000000016d81800 nmethod 30149 0x0000000008500b10 code [0x0000000008501340, 0x0000000008507178]
Event: 16168.701 Thread 0x0000000016d81800 30148       1       java.io.ObjectStreamClass::access$000 (5 bytes)
Event: 16168.701 Thread 0x0000000016d81800 nmethod 30148 0x00000000084a4e90 code [0x00000000084a4fe0, 0x00000000084a50d0]

GC Heap History (10 events):
Event: 16167.875 GC heap before
{Heap before GC invocations=184 (full 57):
 PSYoungGen      total 349696K, used 174319K [0x00000000e0000000, 0x0000000100000000, 0x0000000100000000)
  eden space 175104K, 99% used [0x00000000e0000000,0x00000000eaa3bcb0,0x00000000eab00000)
  from space 174592K, 0% used [0x00000000eab00000,0x00000000eab00000,0x00000000f5580000)
  to   space 174592K, 0% used [0x00000000f5580000,0x00000000f5580000,0x0000000100000000)
 ParOldGen       total 980480K, used 974972K [0x00000000a0000000, 0x00000000dbd80000, 0x00000000e0000000)
  object space 980480K, 99% used [0x00000000a0000000,0x00000000db81f340,0x00000000dbd80000)
 Metaspace       used 98016K, capacity 103684K, committed 105768K, reserved 1140736K
  class space    used 12200K, capacity 13212K, committed 13608K, reserved 1048576K
Event: 16167.982 GC heap after
Heap after GC invocations=184 (full 57):
 PSYoungGen      total 349696K, used 159468K [0x00000000e0000000, 0x0000000100000000, 0x0000000100000000)
  eden space 175104K, 91% used [0x00000000e0000000,0x00000000e9bbb0d0,0x00000000eab00000)
  from space 174592K, 0% used [0x00000000eab00000,0x00000000eab00000,0x00000000f5580000)
  to   space 174592K, 0% used [0x00000000f5580000,0x00000000f5580000,0x0000000100000000)
 ParOldGen       total 980480K, used 974972K [0x00000000a0000000, 0x00000000dbd80000, 0x00000000e0000000)
  object space 980480K, 99% used [0x00000000a0000000,0x00000000db81f340,0x00000000dbd80000)
 Metaspace       used 98016K, capacity 103684K, committed 105768K, reserved 1140736K
  class space    used 12200K, capacity 13212K, committed 13608K, reserved 1048576K
}
Event: 16167.998 GC heap before
{Heap before GC invocations=185 (full 58):
 PSYoungGen      total 349696K, used 168804K [0x00000000e0000000, 0x0000000100000000, 0x0000000100000000)
  eden space 175104K, 96% used [0x00000000e0000000,0x00000000ea4d90d0,0x00000000eab00000)
  from space 174592K, 0% used [0x00000000eab00000,0x00000000eab00000,0x00000000f5580000)
  to   space 174592K, 0% used [0x00000000f5580000,0x00000000f5580000,0x0000000100000000)
 ParOldGen       total 980480K, used 974972K [0x00000000a0000000, 0x00000000dbd80000, 0x00000000e0000000)
  object space 980480K, 99% used [0x00000000a0000000,0x00000000db81f340,0x00000000dbd80000)
 Metaspace       used 98016K, capacity 103684K, committed 105768K, reserved 1140736K
  class space    used 12200K, capacity 13212K, committed 13608K, reserved 1048576K
Event: 16168.108 GC heap after
Heap after GC invocations=185 (full 58):
 PSYoungGen      total 349696K, used 163596K [0x00000000e0000000, 0x0000000100000000, 0x0000000100000000)
  eden space 175104K, 93% used [0x00000000e0000000,0x00000000e9fc30d0,0x00000000eab00000)
  from space 174592K, 0% used [0x00000000eab00000,0x00000000eab00000,0x00000000f5580000)
  to   space 174592K, 0% used [0x00000000f5580000,0x00000000f5580000,0x0000000100000000)
 ParOldGen       total 980480K, used 974972K [0x00000000a0000000, 0x00000000dbd80000, 0x00000000e0000000)
  object space 980480K, 99% used [0x00000000a0000000,0x00000000db81f340,0x00000000dbd80000)
 Metaspace       used 98016K, capacity 103684K, committed 105768K, reserved 1140736K
  class space    used 12200K, capacity 13212K, committed 13608K, reserved 1048576K
}
Event: 16168.119 GC heap before
{Heap before GC invocations=186 (full 59):
 PSYoungGen      total 349696K, used 175104K [0x00000000e0000000, 0x0000000100000000, 0x0000000100000000)
  eden space 175104K, 100% used [0x00000000e0000000,0x00000000eab00000,0x00000000eab00000)
  from space 174592K, 0% used [0x00000000eab00000,0x00000000eab00000,0x00000000f5580000)
  to   space 174592K, 0% used [0x00000000f5580000,0x00000000f5580000,0x0000000100000000)
 ParOldGen       total 980480K, used 974972K [0x00000000a0000000, 0x00000000dbd80000, 0x00000000e0000000)
  object space 980480K, 99% used [0x00000000a0000000,0x00000000db81f340,0x00000000dbd80000)
 Metaspace       used 98016K, capacity 103684K, committed 105768K, reserved 1140736K
  class space    used 12200K, capacity 13212K, committed 13608K, reserved 1048576K
Event: 16168.237 GC heap after
Heap after GC invocations=186 (full 59):
 PSYoungGen      total 349696K, used 169100K [0x00000000e0000000, 0x0000000100000000, 0x0000000100000000)
  eden space 175104K, 96% used [0x00000000e0000000,0x00000000ea523100,0x00000000eab00000)
  from space 174592K, 0% used [0x00000000eab00000,0x00000000eab00000,0x00000000f5580000)
  to   space 174592K, 0% used [0x00000000f5580000,0x00000000f5580000,0x0000000100000000)
 ParOldGen       total 980480K, used 974972K [0x00000000a0000000, 0x00000000dbd80000, 0x00000000e0000000)
  object space 980480K, 99% used [0x00000000a0000000,0x00000000db81f340,0x00000000dbd80000)
 Metaspace       used 98016K, capacity 103684K, committed 105768K, reserved 1140736K
  class space    used 12200K, capacity 13212K, committed 13608K, reserved 1048576K
}
Event: 16168.240 GC heap before
{Heap before GC invocations=187 (full 60):
 PSYoungGen      total 349696K, used 169376K [0x00000000e0000000, 0x0000000100000000, 0x0000000100000000)
  eden space 175104K, 96% used [0x00000000e0000000,0x00000000ea5683a0,0x00000000eab00000)
  from space 174592K, 0% used [0x00000000eab00000,0x00000000eab00000,0x00000000f5580000)
  to   space 174592K, 0% used [0x00000000f5580000,0x00000000f5580000,0x0000000100000000)
 ParOldGen       total 980480K, used 974972K [0x00000000a0000000, 0x00000000dbd80000, 0x00000000e0000000)
  object space 980480K, 99% used [0x00000000a0000000,0x00000000db81f340,0x00000000dbd80000)
 Metaspace       used 98016K, capacity 103684K, committed 105768K, reserved 1140736K
  class space    used 12200K, capacity 13212K, committed 13608K, reserved 1048576K
Event: 16168.358 GC heap after
Heap after GC invocations=187 (full 60):
 PSYoungGen      total 349696K, used 169100K [0x00000000e0000000, 0x0000000100000000, 0x0000000100000000)
  eden space 175104K, 96% used [0x00000000e0000000,0x00000000ea5230e8,0x00000000eab00000)
  from space 174592K, 0% used [0x00000000eab00000,0x00000000eab00000,0x00000000f5580000)
  to   space 174592K, 0% used [0x00000000f5580000,0x00000000f5580000,0x0000000100000000)
 ParOldGen       total 980480K, used 974972K [0x00000000a0000000, 0x00000000dbd80000, 0x00000000e0000000)
  object space 980480K, 99% used [0x00000000a0000000,0x00000000db81f340,0x00000000dbd80000)
 Metaspace       used 98016K, capacity 103684K, committed 105768K, reserved 1140736K
  class space    used 12200K, capacity 13212K, committed 13608K, reserved 1048576K
}
Event: 16168.358 GC heap before
{Heap before GC invocations=188 (full 61):
 PSYoungGen      total 349696K, used 169100K [0x00000000e0000000, 0x0000000100000000, 0x0000000100000000)
  eden space 175104K, 96% used [0x00000000e0000000,0x00000000ea5230e8,0x00000000eab00000)
  from space 174592K, 0% used [0x00000000eab00000,0x00000000eab00000,0x00000000f5580000)
  to   space 174592K, 0% used [0x00000000f5580000,0x00000000f5580000,0x0000000100000000)
 ParOldGen       total 980480K, used 974972K [0x00000000a0000000, 0x00000000dbd80000, 0x00000000e0000000)
  object space 980480K, 99% used [0x00000000a0000000,0x00000000db81f340,0x00000000dbd80000)
 Metaspace       used 98016K, capacity 103684K, committed 105768K, reserved 1140736K
  class space    used 12200K, capacity 13212K, committed 13608K, reserved 1048576K
Event: 16168.673 GC heap after
Heap after GC invocations=188 (full 61):
 PSYoungGen      total 349696K, used 169100K [0x00000000e0000000, 0x0000000100000000, 0x0000000100000000)
  eden space 175104K, 96% used [0x00000000e0000000,0x00000000ea5230e8,0x00000000eab00000)
  from space 174592K, 0% used [0x00000000eab00000,0x00000000eab00000,0x00000000f5580000)
  to   space 174592K, 0% used [0x00000000f5580000,0x00000000f5580000,0x0000000100000000)
 ParOldGen       total 980480K, used 971924K [0x00000000a0000000, 0x00000000dbd80000, 0x00000000e0000000)
  object space 980480K, 99% used [0x00000000a0000000,0x00000000db525250,0x00000000dbd80000)
 Metaspace       used 97168K, capacity 102222K, committed 105768K, reserved 1140736K
  class space    used 12023K, capacity 12899K, committed 13608K, reserved 1048576K
}

Deoptimization events (10 events):
Event: 16153.008 Thread 0x00000000214be000 Uncommon trap: reason=bimorphic action=maybe_recompile pc=0x00000000075773c4 method=org.gradle.cache.internal.btree.FileBackedBlockStore$BlockImpl.write()V @ 29
Event: 16153.515 Thread 0x00000000214be000 Uncommon trap: reason=bimorphic action=maybe_recompile pc=0x00000000075773c4 method=org.gradle.cache.internal.btree.FileBackedBlockStore$BlockImpl.write()V @ 29
Event: 16154.848 Thread 0x00000000214c5800 Uncommon trap: reason=unstable_if action=reinterpret pc=0x00000000035fb210 method=com.android.tools.r8.graph.DexEncodedMethod.setCodeOwnership()V @ 4
Event: 16154.950 Thread 0x00000000214c5800 Uncommon trap: reason=unstable_if action=reinterpret pc=0x0000000007bf32c8 method=com.android.tools.r8.ir.conversion.IRBuilder.processWorklist()V @ 24
Event: 16154.950 Thread 0x00000000214c5800 Uncommon trap: reason=unstable_if action=reinterpret pc=0x0000000007ed3cf4 method=com.android.tools.r8.ir.optimize.RedundantFieldLoadElimination.run()V @ 357
Event: 16154.955 Thread 0x00000000214c5800 Uncommon trap: reason=unstable_if action=reinterpret pc=0x00000000070c6a44 method=com.android.tools.r8.ir.conversion.IRConverter.convertMethodToDex(Lcom/android/tools/r8/graph/DexEncodedMethod;)V @ 28
Event: 16154.962 Thread 0x00000000214c5800 Uncommon trap: reason=speculate_class_check action=maybe_recompile pc=0x0000000005538c78 method=com.android.tools.r8.ir.optimize.CodeRewriter$CSEExpressionEquivalence.doHash(Lcom/android/tools/r8/ir/code/Instruction;)I @ 12
Event: 16154.962 Thread 0x00000000214c5800 Uncommon trap: reason=speculate_class_check action=maybe_recompile pc=0x0000000005538c78 method=com.android.tools.r8.ir.optimize.CodeRewriter$CSEExpressionEquivalence.doHash(Lcom/android/tools/r8/ir/code/Instruction;)I @ 12
Event: 16154.968 Thread 0x00000000214c5800 Uncommon trap: reason=unstable_if action=reinterpret pc=0x0000000007e0e2e0 method=com.android.tools.r8.graph.DexEncodedMethod.collectMixedSectionItems(Lcom/android/tools/r8/dex/MixedSectionCollection;)V @ 4
Event: 16168.677 Thread 0x000000001f999000 Uncommon trap: reason=class_check action=maybe_recompile pc=0x0000000003599368 method=java.lang.String.equals(Ljava/lang/Object;)Z @ 8

Classes redefined (0 events):
No events

Internal exceptions (10 events):
Event: 16168.676 Thread 0x000000001f999000 Exception <a 'java/lang/NoSuchMethodError': <clinit>> (0x00000000ea586dc8) thrown at [D:\src\AOSP-openjdk-cygwin\jdk8u\hotspot\src\share\vm\prims\jni.cpp, line 1613]
Event: 16168.676 Thread 0x000000001f999000 Exception <a 'java/lang/NoSuchMethodError': <clinit>> (0x00000000ea59de38) thrown at [D:\src\AOSP-openjdk-cygwin\jdk8u\hotspot\src\share\vm\prims\jni.cpp, line 1613]
Event: 16168.686 Thread 0x000000001f999000 Exception <a 'java/lang/NoSuchMethodError': <clinit>> (0x00000000ea5f7fe8) thrown at [D:\src\AOSP-openjdk-cygwin\jdk8u\hotspot\src\share\vm\prims\jni.cpp, line 1613]
Event: 16168.686 Thread 0x000000001f999000 Exception <a 'java/lang/NoSuchMethodError': <clinit>> (0x00000000ea604920) thrown at [D:\src\AOSP-openjdk-cygwin\jdk8u\hotspot\src\share\vm\prims\jni.cpp, line 1613]
Event: 16168.687 Thread 0x000000001f999000 Exception <a 'java/lang/NoSuchMethodError': <clinit>> (0x00000000ea617658) thrown at [D:\src\AOSP-openjdk-cygwin\jdk8u\hotspot\src\share\vm\prims\jni.cpp, line 1613]
Event: 16168.687 Thread 0x000000001f999000 Exception <a 'java/lang/NoSuchMethodError': <clinit>> (0x00000000ea618b58) thrown at [D:\src\AOSP-openjdk-cygwin\jdk8u\hotspot\src\share\vm\prims\jni.cpp, line 1613]
Event: 16168.687 Thread 0x000000001f999000 Exception <a 'java/lang/NoSuchMethodError': <clinit>> (0x00000000ea623850) thrown at [D:\src\AOSP-openjdk-cygwin\jdk8u\hotspot\src\share\vm\prims\jni.cpp, line 1613]
Event: 16168.688 Thread 0x000000001f999000 Exception <a 'java/lang/NoSuchMethodError': <clinit>> (0x00000000ea62e718) thrown at [D:\src\AOSP-openjdk-cygwin\jdk8u\hotspot\src\share\vm\prims\jni.cpp, line 1613]
Event: 16168.695 Thread 0x000000001f999000 Exception <a 'java/lang/NoSuchMethodError': <clinit>> (0x00000000ea85caa8) thrown at [D:\src\AOSP-openjdk-cygwin\jdk8u\hotspot\src\share\vm\prims\jni.cpp, line 1613]
Event: 16168.696 Thread 0x000000001f999000 Exception <a 'java/lang/NoSuchMethodError': <clinit>> (0x00000000ea867da0) thrown at [D:\src\AOSP-openjdk-cygwin\jdk8u\hotspot\src\share\vm\prims\jni.cpp, line 1613]

Events (10 events):
Event: 16168.673 Executing VM operation: ParallelGCFailedAllocation done
Event: 16168.673 Thread 0x000000001f999000 DEOPT PACKING pc=0x00000000043e3710 sp=0x000000002e12ca90
Event: 16168.673 Thread 0x000000001f999000 DEOPT UNPACKING pc=0x00000000034575d0 sp=0x000000002e12c6c0 mode 1
Event: 16168.677 Thread 0x000000001f999000 Uncommon trap: trap_request=0xffffffde fr.pc=0x0000000003599368
Event: 16168.677 Thread 0x000000001f999000 DEOPT PACKING pc=0x0000000003599368 sp=0x000000002e12d320
Event: 16168.677 Thread 0x000000001f999000 DEOPT UNPACKING pc=0x000000000345557b sp=0x000000002e12d2b0 mode 2
Event: 16168.697 Thread 0x000000001f998000 Thread exited: 0x000000001f998000
Event: 16168.697 Thread 0x000000001f999000 Thread exited: 0x000000001f999000
Event: 16168.697 Thread 0x000000001f999800 Thread exited: 0x000000001f999800
Event: 16168.701 Thread 0x0000000016d81800 flushing nmethod 0x0000000003b931d0


Dynamic libraries:
0x00007ff6518d0000 - 0x00007ff651901000 	D:\android\jre\bin\java.exe
0x00007ff94d5e0000 - 0x00007ff94d7cd000 	C:\WINDOWS\SYSTEM32\ntdll.dll
0x00007ff94c850000 - 0x00007ff94c903000 	C:\WINDOWS\System32\KERNEL32.DLL
0x00007ff948f80000 - 0x00007ff949213000 	C:\WINDOWS\System32\KERNELBASE.dll
0x00007ff94c0a0000 - 0x00007ff94c143000 	C:\WINDOWS\System32\ADVAPI32.dll
0x00007ff94d470000 - 0x00007ff94d50e000 	C:\WINDOWS\System32\msvcrt.dll
0x00007ff94c600000 - 0x00007ff94c69e000 	C:\WINDOWS\System32\sechost.dll
0x00007ff94a220000 - 0x00007ff94a342000 	C:\WINDOWS\System32\RPCRT4.dll
0x00007ff94c460000 - 0x00007ff94c5f7000 	C:\WINDOWS\System32\USER32.dll
0x00007ff948f10000 - 0x00007ff948f30000 	C:\WINDOWS\System32\win32u.dll
0x00007ff94d510000 - 0x00007ff94d539000 	C:\WINDOWS\System32\GDI32.dll
0x00007ff949480000 - 0x00007ff94961a000 	C:\WINDOWS\System32\gdi32full.dll
0x00007ff949dd0000 - 0x00007ff949e70000 	C:\WINDOWS\System32\msvcp_win.dll
0x00007ff949220000 - 0x00007ff94931a000 	C:\WINDOWS\System32\ucrtbase.dll
0x00007ff93c880000 - 0x00007ff93caf9000 	C:\WINDOWS\WinSxS\amd64_microsoft.windows.common-controls_6595b64144ccf1df_6.0.17763.379_none_05b83be8071c94a1\COMCTL32.dll
0x00007ff949ef0000 - 0x00007ff94a21d000 	C:\WINDOWS\System32\combase.dll
0x00007ff949320000 - 0x00007ff94939e000 	C:\WINDOWS\System32\bcryptPrimitives.dll
0x00007ff94c010000 - 0x00007ff94c03e000 	C:\WINDOWS\System32\IMM32.DLL
0x00000000683d0000 - 0x00000000684a2000 	D:\android\jre\jre\bin\msvcr100.dll
0x00000000684b0000 - 0x0000000068cf1000 	D:\android\jre\jre\bin\server\jvm.dll
0x00007ff949e70000 - 0x00007ff949e78000 	C:\WINDOWS\System32\PSAPI.DLL
0x00007ff93d350000 - 0x00007ff93d359000 	C:\WINDOWS\SYSTEM32\WSOCK32.dll
0x00007ff945390000 - 0x00007ff9453b4000 	C:\WINDOWS\SYSTEM32\WINMM.dll
0x00007ff943240000 - 0x00007ff94324a000 	C:\WINDOWS\SYSTEM32\VERSION.dll
0x00007ff94d540000 - 0x00007ff94d5ad000 	C:\WINDOWS\System32\WS2_32.dll
0x00007ff945340000 - 0x00007ff94536d000 	C:\WINDOWS\SYSTEM32\WINMMBASE.dll
0x00007ff948f30000 - 0x00007ff948f7a000 	C:\WINDOWS\System32\cfgmgr32.dll
0x00007ff945b00000 - 0x00007ff945b0f000 	D:\android\jre\jre\bin\verify.dll
0x00007ff945ad0000 - 0x00007ff945af9000 	D:\android\jre\jre\bin\java.dll
0x00007ff945ab0000 - 0x00007ff945ac6000 	D:\android\jre\jre\bin\zip.dll
0x00007ff94a700000 - 0x00007ff94bbf0000 	C:\WINDOWS\System32\SHELL32.dll
0x00007ff94ce60000 - 0x00007ff94cf08000 	C:\WINDOWS\System32\shcore.dll
0x00007ff949620000 - 0x00007ff949d6a000 	C:\WINDOWS\System32\windows.storage.dll
0x00007ff948c60000 - 0x00007ff948c84000 	C:\WINDOWS\System32\profapi.dll
0x00007ff948cb0000 - 0x00007ff948d0d000 	C:\WINDOWS\System32\powrprof.dll
0x00007ff949e90000 - 0x00007ff949ee2000 	C:\WINDOWS\System32\shlwapi.dll
0x00007ff948c90000 - 0x00007ff948ca1000 	C:\WINDOWS\System32\kernel.appcore.dll
0x00007ff948ef0000 - 0x00007ff948f07000 	C:\WINDOWS\System32\cryptsp.dll
0x00007ff945a90000 - 0x00007ff945aaa000 	D:\android\jre\jre\bin\net.dll
0x00007ff9484c0000 - 0x00007ff948527000 	C:\WINDOWS\system32\mswsock.dll
0x00007ff945a70000 - 0x00007ff945a81000 	D:\android\jre\jre\bin\nio.dll
0x00007ff93def0000 - 0x00007ff93df0e000 	C:\Users\Andraž\.gradle\native\25\windows-amd64\native-platform.dll
0x00007ff945a20000 - 0x00007ff945a2d000 	D:\android\jre\jre\bin\management.dll
0x00007ff948080000 - 0x00007ff9480b3000 	C:\WINDOWS\system32\rsaenh.dll
0x00007ff949450000 - 0x00007ff949476000 	C:\WINDOWS\System32\bcrypt.dll
0x00007ff948b70000 - 0x00007ff948b98000 	C:\WINDOWS\SYSTEM32\USERENV.dll
0x00007ff948690000 - 0x00007ff94869c000 	C:\WINDOWS\SYSTEM32\CRYPTBASE.dll
0x00007ff948220000 - 0x00007ff94825d000 	C:\WINDOWS\SYSTEM32\IPHLPAPI.DLL
0x00007ff94d400000 - 0x00007ff94d408000 	C:\WINDOWS\System32\NSI.dll
0x00007ff9429d0000 - 0x00007ff9429e6000 	C:\WINDOWS\SYSTEM32\dhcpcsvc6.DLL
0x00007ff942720000 - 0x00007ff94273c000 	C:\WINDOWS\SYSTEM32\dhcpcsvc.DLL
0x00007ff948260000 - 0x00007ff948326000 	C:\WINDOWS\SYSTEM32\DNSAPI.dll
0x00007ff940b50000 - 0x00007ff940b74000 	D:\android\jre\jre\bin\sunec.dll
0x00007ff940b80000 - 0x00007ff940b8a000 	C:\Windows\System32\rasadhlp.dll
0x00007ff940b90000 - 0x00007ff940c09000 	C:\WINDOWS\System32\fwpuclnt.dll
0x00007ff93fb60000 - 0x00007ff93fb6b000 	D:\android\jre\jre\bin\sunmscapi.dll
0x00007ff948d10000 - 0x00007ff948eeb000 	C:\WINDOWS\System32\CRYPT32.dll
0x00007ff948c40000 - 0x00007ff948c52000 	C:\WINDOWS\System32\MSASN1.dll

VM Arguments:
jvm_args: -Xmx1536m -Dfile.encoding=windows-1250 -Duser.country=SI -Duser.language=sl -Duser.variant 
java_command: org.gradle.launcher.daemon.bootstrap.GradleDaemon 4.10.1
java_class_path (initial): C:\Users\Andraž\.gradle\wrapper\dists\gradle-4.10.1-all\455itskqi2qtf0v2sja68alqd\gradle-4.10.1\lib\gradle-launcher-4.10.1.jar
Launcher Type: SUN_STANDARD

Environment Variables:
JAVA_HOME=C:\Program Files\Java\jdk1.8.0_191
CLASSPATH=.;
PATH=C:\Python27\;C:\Python27\Scripts;C:\Program Files (x86)\Common Files\Oracle\Java\javapath;C:\ProgramData\Oracle\Java\javapath;C:\WINDOWS\system32;C:\WINDOWS;C:\WINDOWS\System32\Wbem;C:\WINDOWS\System32\WindowsPowerShell\v1.0\;C:\Program Files\CMake\bin;C:\Program Files\dotnet\;C:\ProgramData\chocolatey\bin;C:\Program Files\nodejs\;C:\Program Files\Java\jdk1.8.0_191\bin;C:\Program Files\Git\cmd;C:\xampp\php;C:\composer;C:\WINDOWS\System32\OpenSSH\;C:\Program Files (x86)\Microsoft VS Code\bin;C:\Program Files (x86)\Microsoft VS Code\bin;C:\Users\Andraž\AppData\Local\GitHubDesktop\bin;C:\Users\Andraž\AppData\Roaming\npm;C:\Users\Andraž\AppData\Roaming\Composer\vendor\bin;C:\Users\Andraž\AppData\Local\Microsoft\WindowsApps;
USERNAME=Andraž
OS=Windows_NT
PROCESSOR_IDENTIFIER=Intel64 Family 6 Model 60 Stepping 3, GenuineIntel



---------------  S Y S T E M  ---------------

OS: Windows 10.0 , 64 bit Build 17763 (10.0.17763.379)

CPU:total 4 (initial active 4) (4 cores per cpu, 1 threads per core) family 6 model 60 stepping 3, cmov, cx8, fxsr, mmx, sse, sse2, sse3, ssse3, sse4.1, sse4.2, popcnt, avx, avx2, aes, clmul, erms, lzcnt, tsc, tscinvbit, bmi1, bmi2

Memory: 4k page, physical 16694496k(4303976k free), swap 17743072k(2204k free)

vm_info: OpenJDK 64-Bit Server VM (25.152-b01) for windows-amd64 JRE (1.8.0_152-release-1248-b01), built by "builder" with MS VC++ 10.0 (VS2010)

time: Fri Apr 05 23:26:33 2019
elapsed time: 16168 seconds (0d 4h 29m 28s)

